<?xml version="1.0" encoding="UTF-8"?>
<!-- Generated by org.testng.reporters.JUnitReportReporter -->
<testsuite skipped="0" hostname="LAPTOP-SKAQSRMP" name="com.demo.tests.FlightBooking" tests="1" failures="0" timestamp="16 Mar 2019 21:36:06 GMT" time="51.423" errors="0">
  <testcase name="SignUp" time="51.423" classname="com.demo.tests.FlightBooking"/>
</testsuite> <!-- com.demo.tests.FlightBooking -->
