<?xml version="1.0" encoding="UTF-8"?>
<!-- Generated by org.testng.reporters.JUnitReportReporter -->
<testsuite skipped="0" hostname="LAPTOP-SKAQSRMP" name="com.demo.tests.FlightBooking" tests="1" failures="0" timestamp="17 Mar 2019 08:24:19 GMT" time="47.982" errors="0">
  <testcase name="SignUp" time="47.982" classname="com.demo.tests.FlightBooking"/>
</testsuite> <!-- com.demo.tests.FlightBooking -->
